<?xml version="1.0" encoding="UTF-8"?>
<!-- Generated by org.testng.reporters.JUnitReportReporter -->
<testsuite hostname="DESKTOP-VTNKSB1" failures="0" tests="4" name="apoorvrastogitraining.tests.SubmitOrderTest" time="86.046" errors="0" timestamp="21 Sep 2022 05:27:58 GMT" skipped="0">
  <testcase classname="apoorvrastogitraining.tests.SubmitOrderTest" name="orderHistoryTest" time="9.900"/>
  <testcase classname="apoorvrastogitraining.tests.SubmitOrderTest" name="submitOrder" time="20.511"/>
  <testcase classname="apoorvrastogitraining.tests.SubmitOrderTest" name="orderHistoryTest" time="15.846"/>
  <testcase classname="apoorvrastogitraining.tests.SubmitOrderTest" name="submitOrder" time="39.789"/>
</testsuite> <!-- apoorvrastogitraining.tests.SubmitOrderTest -->
