<?xml version="1.0" encoding="UTF-8"?>
<!-- Generated by org.testng.reporters.JUnitReportReporter -->
<testsuite hostname="DESKTOP-VTNKSB1" failures="0" tests="1" name="apoorvrastogitraining.tests.ErrorValidations" time="11.135" errors="0" timestamp="19 Sep 2022 07:44:33 GMT" skipped="0">
  <testcase classname="apoorvrastogitraining.tests.ErrorValidations" name="submitOrder" time="11.135"/>
</testsuite> <!-- apoorvrastogitraining.tests.ErrorValidations -->
