<?xml version="1.0" encoding="UTF-8"?>
<!-- Generated by org.testng.reporters.JUnitReportReporter -->
<testsuite skipped="0" hostname="DESKTOP-VTNKSB1" name="apoorvrastogitraining.tests.SubmitOrderTest" tests="4" failures="0" timestamp="21 Sep 2022 12:33:16 GMT" time="49.139" errors="0">
  <testcase name="submitOrder" time="14.391" classname="apoorvrastogitraining.tests.SubmitOrderTest"/>
  <testcase name="orderHistoryTest" time="9.867" classname="apoorvrastogitraining.tests.SubmitOrderTest"/>
  <testcase name="submitOrder" time="14.580" classname="apoorvrastogitraining.tests.SubmitOrderTest"/>
  <testcase name="orderHistoryTest" time="10.301" classname="apoorvrastogitraining.tests.SubmitOrderTest"/>
</testsuite> <!-- apoorvrastogitraining.tests.SubmitOrderTest -->
